🚀 Server běží na http://localhost:3000
❌ Chyba připojení k MongoDB: MongooseError: The `uri` parameter to `openUri()` must be a string, got "undefined". Make sure the first parameter to `mongoose.connect()` or `mongoose.createConnection()` is a string.
    at NativeConnection.createClient (/Users/terezka/1www/Project/projekt-pozdrav/backend/node_modules/mongoose/lib/drivers/node-mongodb-native/connection.js:236:11)
    at NativeConnection.openUri (/Users/terezka/1www/Project/projekt-pozdrav/backend/node_modules/mongoose/lib/connection.js:1069:34)
    at Mongoose.connect (/Users/terezka/1www/Project/projekt-pozdrav/backend/node_modules/mongoose/lib/mongoose.js:446:15)
    at Object.<anonymous> (/Users/terezka/1www/Project/projekt-pozdrav/backend/config/db.js:5:10)
    at Module._compile (node:internal/modules/cjs/loader:1723:14)
    at Object..js (node:internal/modules/cjs/loader:1888:10)
    at Module.load (node:internal/modules/cjs/loader:1458:32)
    at Function._load (node:internal/modules/cjs/loader:1275:12)
    at TracingChannel.traceSync (node:diagnostics_channel:322:14)
    at wrapModuleLoad (node:internal/modules/cjs/loader:234:24)
❌ Chyba při přihlašování: MongooseError: Operation `users.findOne()` buffering timed out after 10000ms
    at Timeout.<anonymous> (/Users/terezka/1www/Project/projekt-pozdrav/backend/node_modules/mongoose/lib/drivers/node-mongodb-native/collection.js:185:23)
    at listOnTimeout (node:internal/timers:614:17)
    at process.processTimers (node:internal/timers:549:7)
❌ Chyba při přihlašování: MongooseError: Operation `users.findOne()` buffering timed out after 10000ms
    at Timeout.<anonymous> (/Users/terezka/1www/Project/projekt-pozdrav/backend/node_modules/mongoose/lib/drivers/node-mongodb-native/collection.js:185:23)
    at listOnTimeout (node:internal/timers:614:17)
    at process.processTimers (node:internal/timers:549:7)
❌ Chyba při přihlašování: MongooseError: Operation `users.findOne()` buffering timed out after 10000ms
    at Timeout.<anonymous> (/Users/terezka/1www/Project/projekt-pozdrav/backend/node_modules/mongoose/lib/drivers/node-mongodb-native/collection.js:185:23)
    at listOnTimeout (node:internal/timers:614:17)
    at process.processTimers (node:internal/timers:549:7)
❌ Chyba při přihlašování: MongooseError: Operation `users.findOne()` buffering timed out after 10000ms
    at Timeout.<anonymous> (/Users/terezka/1www/Project/projekt-pozdrav/backend/node_modules/mongoose/lib/drivers/node-mongodb-native/collection.js:185:23)
    at listOnTimeout (node:internal/timers:614:17)
    at process.processTimers (node:internal/timers:549:7)
❌ Chyba při přihlašování: MongooseError: Operation `users.findOne()` buffering timed out after 10000ms
    at Timeout.<anonymous> (/Users/terezka/1www/Project/projekt-pozdrav/backend/node_modules/mongoose/lib/drivers/node-mongodb-native/collection.js:185:23)
    at listOnTimeout (node:internal/timers:614:17)
    at process.processTimers (node:internal/timers:549:7)
⛔ RATE-LIMIT TRIGGERED pro IP: ::1
